
tmcheck -par "cpnx_lpddr4_31_impl_1.par" 

bitgen -w "cpnx_lpddr4_31_impl_1.udb" -f "cpnx_lpddr4_31_impl_1.t2b" -s "C:/Users/dabdulra/Designs/my_designs/lpddr4_avant/cpnx_lpddr4_31/security_setting/cpnx_lpddr4_31.secproj"
Loading cpnx_lpddr4_31_impl_1.udb ...
Loading device for application GENERIC from file 'jd5d80.nph' in environment: C:/lscc/radiant/3.1/ispfpga.
Package Status:                     Final          Version 14.
Performance Hardware Data Status:   Final          Version 3.5.



Design:  eval_top
Family:  LFCPNX
Device:  LFCPNX-100
Package: LFG672
Performance Grade:   9_High-Performance_1.0V
Successfully loading design udb and device data from disks and to up-layer in CPU time: 9 secs , REAL time: 10 secs 



BITGEN: Bitstream Generator Radiant Software (64-bit) 3.1.1.232.1
Copyright (c) 1991-1994 by NeoCAD Inc. All rights reserved.
Copyright (c) 1995 AT&T Corp.   All rights reserved.
Copyright (c) 1995-2001 Lucent Technologies Inc.  All rights reserved.
Copyright (c) 2001 Agere Systems   All rights reserved.
Copyright (c) 2002-2021 Lattice Semiconductor Corporation,  All rights reserved.


Running DRC.
DRC detected 0 errors and 0 warnings.

Preference Summary:
+---------------------------------+---------------------------------+
|  Preference                     |  Current Setting                |
+---------------------------------+---------------------------------+
|                  REGISTER_INIT  |                           ON**  |
+---------------------------------+---------------------------------+
|                 SLAVE_SPI_PORT  |                      DISABLE**  |
+---------------------------------+---------------------------------+
|                 SLAVE_I2C_PORT  |                      DISABLE**  |
+---------------------------------+---------------------------------+
|                 SLAVE_I3C_PORT  |                      DISABLE**  |
+---------------------------------+---------------------------------+
|                      JTAG_PORT  |                         ENABLE  |
+---------------------------------+---------------------------------+
|                      DONE_PORT  |                         ENABLE  |
+---------------------------------+---------------------------------+
|                     INITN_PORT  |                         ENABLE  |
+---------------------------------+---------------------------------+
|                  PROGRAMN_PORT  |                         ENABLE  |
+---------------------------------+---------------------------------+
|                        TRANSFR  |                             ON  |
+---------------------------------+---------------------------------+
|                MASTER_SPI_PORT  |                         SERIAL  |
+---------------------------------+---------------------------------+
|                     MCCLK_FREQ  |                          112.5  |
+---------------------------------+---------------------------------+
|                  CONFIG_IOSLEW  |                           FAST  |
+---------------------------------+---------------------------------+
|                        WAKE_UP  |             ENABLE_DONE_SYNC**  |
+---------------------------------+---------------------------------+
|                       BOOTMODE  |                         SINGLE  |
+---------------------------------+---------------------------------+
|         CONFIGIO_VOLTAGE_BANK0  |                            1.8  |
+---------------------------------+---------------------------------+
|         CONFIGIO_VOLTAGE_BANK1  |                            3.3  |
+---------------------------------+---------------------------------+
 *  Default setting.
 ** The specified setting matches the default setting.


Creating bit map...
 
Bitstream Status: Final           Version 3.9.
 
Saving bit stream in "C:\Users\dabdulra\Designs\my_designs\lpddr4_avant\cpnx_lpddr4_31\impl_1\cpnx_lpddr4_31_impl_1.bit".
Bitstream generation complete!

Total CPU Time: 1 mins 7 secs 
Total REAL Time: 1 mins 9 secs 
Peak Memory Usage: 1089 MB

