Running in Lattice mode

                               Synplify Pro (R) 

                 Version S-2021.09LR for win64 - Feb 17, 2022 

                    Copyright (c) 1988 - 2022 Synopsys, Inc.
   This software and the associated documentation are proprietary to Synopsys,
 Inc. This software may only be used in accordance with the terms and conditions
 of a written license agreement with Synopsys, Inc. All other use, reproduction,
   or distribution of this software is strictly prohibited.  Licensed Products
     communicate with Synopsys servers for the purpose of providing software
    updates, detecting software piracy and verifying that customers are using
    Licensed Products in conformity with the applicable License Key for such
  Licensed Products. Synopsys will use information gathered in connection with
    this process to deliver software updates and pursue software pirates and
                                   infringers.

 Inclusivity & Diversity - Visit SolvNetPlus to read the "Synopsys Statement on
            Inclusivity and Diversity" (Refer to article 000036315 at
                        https://solvnetplus.synopsys.com)

Starting:    C:\lscc\radiant\3.1\synpbase\bin64\mbin\synbatch.exe
Install:     C:\lscc\radiant\3.1\synpbase
Hostname:    L-PF1XDREE
Date:        Mon Aug 22 08:27:32 2022
Version:     S-2021.09LR

Arguments:   -product synplify_pro -batch cpnx_lpddr4_31_impl_1_synplify.tcl
ProductType: synplify_pro




log file: "C:\Users\dabdulra\Designs\my_designs\lpddr4_avant\cpnx_lpddr4_31\impl_1\cpnx_lpddr4_31_impl_1.srr"
Running: impl_1 in foreground

Running proj_1|impl_1

Running Flow: compile (Compile) on proj_1|impl_1
# Mon Aug 22 08:27:32 2022

Running Flow: compile_flow (Compile Process) on proj_1|impl_1
# Mon Aug 22 08:27:32 2022

Running: compiler (Compile Input) on proj_1|impl_1
# Mon Aug 22 08:27:32 2022
Copied C:\Users\dabdulra\Designs\my_designs\lpddr4_avant\cpnx_lpddr4_31\impl_1\synwork\cpnx_lpddr4_31_impl_1_comp.srs to C:\Users\dabdulra\Designs\my_designs\lpddr4_avant\cpnx_lpddr4_31\impl_1\cpnx_lpddr4_31_impl_1.srs

compiler completed
# Mon Aug 22 08:29:19 2022

Return Code: 0
Run Time:00h:01m:47s

Running: multi_srs_gen (Multi-srs Generator) on proj_1|impl_1
# Mon Aug 22 08:29:19 2022

multi_srs_gen completed
# Mon Aug 22 08:29:21 2022

Return Code: 0
Run Time:00h:00m:02s
Copied C:\Users\dabdulra\Designs\my_designs\lpddr4_avant\cpnx_lpddr4_31\impl_1\synwork\cpnx_lpddr4_31_impl_1_mult.srs to C:\Users\dabdulra\Designs\my_designs\lpddr4_avant\cpnx_lpddr4_31\impl_1\cpnx_lpddr4_31_impl_1.srs
Copied C:\Users\dabdulra\Designs\my_designs\lpddr4_avant\cpnx_lpddr4_31\impl_1\cpnx_lpddr4_31_impl_1.srr to C:\Users\dabdulra\Designs\my_designs\lpddr4_avant\cpnx_lpddr4_31\impl_1\cpnx_lpddr4_31_impl_1.srf
Complete: Compile Process on proj_1|impl_1

Running: premap (Premap) on proj_1|impl_1
# Mon Aug 22 08:29:21 2022

premap completed with warnings
# Mon Aug 22 08:29:37 2022

Return Code: 1
Run Time:00h:00m:16s
Complete: Compile on proj_1|impl_1

Running Flow: map (Map) on proj_1|impl_1
# Mon Aug 22 08:29:37 2022
License granted for 4 parallel jobs

Running: fpga_mapper (Map & Optimize) on proj_1|impl_1
# Mon Aug 22 08:29:37 2022
Copied C:\Users\dabdulra\Designs\my_designs\lpddr4_avant\cpnx_lpddr4_31\impl_1\synwork\cpnx_lpddr4_31_impl_1_m.srm to C:\Users\dabdulra\Designs\my_designs\lpddr4_avant\cpnx_lpddr4_31\impl_1\cpnx_lpddr4_31_impl_1.srm

fpga_mapper completed with warnings
# Mon Aug 22 08:32:11 2022

Return Code: 1
Run Time:00h:02m:34s
Complete: Map on proj_1|impl_1
Copied C:\Users\dabdulra\Designs\my_designs\lpddr4_avant\cpnx_lpddr4_31\impl_1\cpnx_lpddr4_31_impl_1.srr to C:\Users\dabdulra\Designs\my_designs\lpddr4_avant\cpnx_lpddr4_31\impl_1\cpnx_lpddr4_31_impl_1.srf
Complete: Logic Synthesis on proj_1|impl_1
TCL script complete: "cpnx_lpddr4_31_impl_1_synplify.tcl"
exit status=0
exit status=0
Save changes for project:
C:\Users\dabdulra\Designs\my_designs\lpddr4_avant\cpnx_lpddr4_31\impl_1\proj_1.prj
batch mode default:no
